<?xml version="1.0" encoding="UTF-8"?>
<testng-results skipped="0" failed="0" ignored="0" total="6" passed="6">
  <reporter-output>
  </reporter-output>
  <suite name="Default suite" duration-ms="45" started-at="2024-10-01T01:56:18Z" finished-at="2024-10-01T01:56:18Z">
    <groups>
    </groups>
    <test name="Default test" duration-ms="45" started-at="2024-10-01T01:56:18Z" finished-at="2024-10-01T01:56:18Z">
      <class name="com.rameshsoft.seleniumjava.DataProviderProg">
        <test-method status="PASS" signature="hardwork(java.lang.String, java.lang.String)[pri:0, instance:com.rameshsoft.seleniumjava.DataProviderProg@4520ebad]" name="hardwork" duration-ms="8" started-at="2024-10-01T01:56:18Z" data-provider="hardworkData" finished-at="2024-10-01T01:56:18Z">
          <params>
            <param index="0">
              <value>
                <![CDATA[9]]>
              </value>
            </param>
            <param index="1">
              <value>
                <![CDATA[JOB]]>
              </value>
            </param>
          </params>
          <reporter-output>
          </reporter-output>
        </test-method> <!-- hardwork -->
        <test-method status="PASS" signature="hardwork(java.lang.String, java.lang.String)[pri:0, instance:com.rameshsoft.seleniumjava.DataProviderProg@4520ebad]" name="hardwork" duration-ms="1" started-at="2024-10-01T01:56:18Z" data-provider="hardworkData" finished-at="2024-10-01T01:56:18Z">
          <params>
            <param index="0">
              <value>
                <![CDATA[6]]>
              </value>
            </param>
            <param index="1">
              <value>
                <![CDATA[Practice]]>
              </value>
            </param>
          </params>
          <reporter-output>
          </reporter-output>
        </test-method> <!-- hardwork -->
        <test-method status="PASS" signature="hardwork(java.lang.String, java.lang.String)[pri:0, instance:com.rameshsoft.seleniumjava.DataProviderProg@4520ebad]" name="hardwork" duration-ms="1" started-at="2024-10-01T01:56:18Z" data-provider="hardworkData" finished-at="2024-10-01T01:56:18Z">
          <params>
            <param index="0">
              <value is-null="true"/>
            </param>
            <param index="1">
              <value is-null="true"/>
            </param>
          </params>
          <reporter-output>
          </reporter-output>
        </test-method> <!-- hardwork -->
        <test-method status="PASS" signature="hardwork(java.lang.String, java.lang.String)[pri:0, instance:com.rameshsoft.seleniumjava.DataProviderProg@4520ebad]" name="hardwork" duration-ms="1" started-at="2024-10-01T01:56:18Z" data-provider="hardworkData" finished-at="2024-10-01T01:56:18Z">
          <params>
            <param index="0">
              <value is-null="true"/>
            </param>
            <param index="1">
              <value is-null="true"/>
            </param>
          </params>
          <reporter-output>
          </reporter-output>
        </test-method> <!-- hardwork -->
        <test-method status="PASS" signature="hardwork(java.lang.String, java.lang.String)[pri:0, instance:com.rameshsoft.seleniumjava.DataProviderProg@4520ebad]" name="hardwork" duration-ms="2" started-at="2024-10-01T01:56:18Z" data-provider="hardworkData" finished-at="2024-10-01T01:56:18Z">
          <params>
            <param index="0">
              <value is-null="true"/>
            </param>
            <param index="1">
              <value is-null="true"/>
            </param>
          </params>
          <reporter-output>
          </reporter-output>
        </test-method> <!-- hardwork -->
        <test-method status="PASS" signature="hardwork(java.lang.String, java.lang.String)[pri:0, instance:com.rameshsoft.seleniumjava.DataProviderProg@4520ebad]" name="hardwork" duration-ms="0" started-at="2024-10-01T01:56:18Z" data-provider="hardworkData" finished-at="2024-10-01T01:56:18Z">
          <params>
            <param index="0">
              <value is-null="true"/>
            </param>
            <param index="1">
              <value is-null="true"/>
            </param>
          </params>
          <reporter-output>
          </reporter-output>
        </test-method> <!-- hardwork -->
      </class> <!-- com.rameshsoft.seleniumjava.DataProviderProg -->
    </test> <!-- Default test -->
  </suite> <!-- Default suite -->
</testng-results>
