<?xml version="1.0" encoding="UTF-8"?>
<!-- Generated by org.testng.reporters.JUnitReportReporter -->
<testsuite skipped="0" hostname="Harish" name="com.rameshsoft.seleniumjava.Practice2" tests="2" failures="0" timestamp="29 Sep 2024 16:39:39 GMT" time="0.002" errors="0">
  <testcase name="practice1" time="0.000" classname="com.rameshsoft.seleniumjava.Practice2"/>
  <testcase name="practice2" time="0.002" classname="com.rameshsoft.seleniumjava.Practice2"/>
</testsuite> <!-- com.rameshsoft.seleniumjava.Practice2 -->
